<?xml version="1.0" encoding="UTF-8"?>
<!-- Generated by org.testng.reporters.JUnitReportReporter -->
<testsuite hostname="Suvendu_Pathak" failures="0" tests="1" name="TestRunners.loginTestRunner" time="26.107" errors="0" timestamp="2024-09-17T22:20:26 IST" skipped="0">
  <testcase classname="TestRunners.loginTestRunner" name="runScenario" time="26.107"/>
</testsuite> <!-- TestRunners.loginTestRunner -->
